<?xml version="1.0" encoding="UTF-8"?>
<!-- Generated by org.testng.reporters.JUnitReportReporter -->
<testsuite hostname="POOLW42SLPC7775" failures="0" tests="2" name="TestCase.NopCommerce_TestCase" time="88.612" errors="0" timestamp="2022-11-17T12:38:10 IST" skipped="0">
  <testcase classname="TestCase.NopCommerce_TestCase" name="ValidData" time="36.030"/>
  <system-out/>
  <testcase classname="TestCase.NopCommerce_TestCase" name="InvalidSymbolplusLetter" time="52.582"/>
  <system-out/>
</testsuite> <!-- TestCase.NopCommerce_TestCase -->
